Using pre-set license
Built from '2020.3/staging' branch; Version is '2020.3.21f1 (a38c86f6690f) revision 10718342'; Using compiler version '192528614'; Build Type 'Release'
OS: 'Windows 10 Enterprise; OS build 19044.1526; Version 2009; 64bit' Language: 'en' Physical Memory: 32466 MB
BatchMode: 1, IsHumanControllingUs: 0, StartBugReporterOnCrash: 0, Is64bit: 1, IsPro: 0

COMMAND LINE ARGUMENTS:
C:\Program Files\Unity\Hub\Editor\2020.3.21f1\Editor\Unity.exe
-adb2
-batchMode
-noUpm
-name
AssetImportWorker0
-projectPath
C:/Users/VRClub/360VideoWebpage
-logFile
Logs/AssetImportWorker0.log
-srvPort
56981
Successfully changed project path to: C:/Users/VRClub/360VideoWebpage
C:/Users/VRClub/360VideoWebpage
Using Asset Import Pipeline V2.
Refreshing native plugins compatible for Editor in 100.13 ms, found 12 plugins.
Preloading 0 native plugins for Editor in 0.00 ms.
Initialize engine version: 2020.3.21f1 (a38c86f6690f)
[Subsystems] Discovering subsystems at path C:/Program Files/Unity/Hub/Editor/2020.3.21f1/Editor/Data/Resources/UnitySubsystems
[Subsystems] Discovering subsystems at path C:/Users/VRClub/360VideoWebpage/Assets
[Subsystems] No descriptors matched for  examples in Assets/MeshingFeaturePlugin/UnitySubsystemsManifest.json.
[Subsystems] No descriptors matched for  inputs in Assets/MeshingFeaturePlugin/UnitySubsystemsManifest.json.
[Subsystems] No descriptors matched for  displays in Assets/MeshingFeaturePlugin/UnitySubsystemsManifest.json.
[Subsystems] 1 'meshings' descriptors matched in Assets/MeshingFeaturePlugin/UnitySubsystemsManifest.json
GfxDevice: creating device client; threaded=0
Direct3D:
    Version:  Direct3D 11.0 [level 11.1]
    Renderer: NVIDIA GeForce RTX 2080 SUPER (ID=0x1e81)
    Vendor:   
    VRAM:     8010 MB
    Driver:   30.0.14.7212
Initialize mono
Mono path[0] = 'C:/Program Files/Unity/Hub/Editor/2020.3.21f1/Editor/Data/Managed'
Mono path[1] = 'C:/Program Files/Unity/Hub/Editor/2020.3.21f1/Editor/Data/MonoBleedingEdge/lib/mono/unityjit'
Mono config path = 'C:/Program Files/Unity/Hub/Editor/2020.3.21f1/Editor/Data/MonoBleedingEdge/etc'
Using monoOptions --debugger-agent=transport=dt_socket,embedding=1,server=y,suspend=n,address=127.0.0.1:56672
Begin MonoManager ReloadAssembly
Registering precompiled unity dll's ...
Register platform support module: C:/Program Files/Unity/Hub/Editor/2020.3.21f1/Editor/Data/PlaybackEngines/WindowsStandaloneSupport/UnityEditor.WindowsStandalone.Extensions.dll
Registered in 0.001701 seconds.
Native extension for WindowsStandalone target not found
Refreshing native plugins compatible for Editor in 56.57 ms, found 12 plugins.
Preloading 0 native plugins for Editor in 0.00 ms.
Mono: successfully reloaded assembly
- Completed reload, in  1.069 seconds
Domain Reload Profiling:
	ReloadAssembly (1069ms)
		BeginReloadAssembly (47ms)
			ExecutionOrderSort (0ms)
			DisableScriptedObjects (0ms)
			BackupInstance (0ms)
			ReleaseScriptingObjects (0ms)
			CreateAndSetChildDomain (1ms)
		EndReloadAssembly (447ms)
			LoadAssemblies (45ms)
			RebuildTransferFunctionScriptingTraits (0ms)
			SetupTypeCache (149ms)
			ReleaseScriptCaches (0ms)
			RebuildScriptCaches (31ms)
			SetupLoadedEditorAssemblies (177ms)
				LogAssemblyErrors (0ms)
				InitializePlatformSupportModulesInManaged (4ms)
				SetLoadedEditorAssemblies (0ms)
				RefreshPlugins (57ms)
				BeforeProcessingInitializeOnLoad (16ms)
				ProcessInitializeOnLoadAttributes (73ms)
				ProcessInitializeOnLoadMethodAttributes (27ms)
				AfterProcessingInitializeOnLoad (0ms)
				EditorAssembliesLoaded (0ms)
			ExecutionOrderSort2 (0ms)
			AwakeInstancesAfterBackupRestoration (0ms)
Platform modules already initialized, skipping
Registering precompiled user dll's ...
Registered in 0.010068 seconds.
Begin MonoManager ReloadAssembly
Native extension for WindowsStandalone target not found
Refreshing native plugins compatible for Editor in 45.77 ms, found 12 plugins.
Preloading 0 native plugins for Editor in 0.00 ms.
Mono: successfully reloaded assembly
- Completed reload, in  1.174 seconds
Domain Reload Profiling:
	ReloadAssembly (1175ms)
		BeginReloadAssembly (146ms)
			ExecutionOrderSort (0ms)
			DisableScriptedObjects (4ms)
			BackupInstance (0ms)
			ReleaseScriptingObjects (0ms)
			CreateAndSetChildDomain (23ms)
		EndReloadAssembly (968ms)
			LoadAssemblies (87ms)
			RebuildTransferFunctionScriptingTraits (0ms)
			SetupTypeCache (318ms)
			ReleaseScriptCaches (1ms)
			RebuildScriptCaches (48ms)
			SetupLoadedEditorAssemblies (391ms)
				LogAssemblyErrors (0ms)
				InitializePlatformSupportModulesInManaged (4ms)
				SetLoadedEditorAssemblies (0ms)
				RefreshPlugins (46ms)
				BeforeProcessingInitializeOnLoad (79ms)
				ProcessInitializeOnLoadAttributes (248ms)
				ProcessInitializeOnLoadMethodAttributes (9ms)
				AfterProcessingInitializeOnLoad (5ms)
				EditorAssembliesLoaded (0ms)
			ExecutionOrderSort2 (0ms)
			AwakeInstancesAfterBackupRestoration (5ms)
Platform modules already initialized, skipping
========================================================================
Worker process is ready to serve import requests
Launched and connected shader compiler UnityShaderCompiler.exe after 0.07 seconds
Refreshing native plugins compatible for Editor in 1.00 ms, found 12 plugins.
Preloading 0 native plugins for Editor in 0.00 ms.
Unloading 2304 Unused Serialized files (Serialized files now loaded: 0)
System memory in use before: 100.8 MB.
System memory in use after: 101.0 MB.

Unloading 46 unused Assets to reduce memory usage. Loaded Objects now: 2762.
Total: 4.290100 ms (FindLiveObjects: 0.354200 ms CreateObjectMapping: 0.127700 ms MarkObjects: 3.718400 ms  DeleteObjects: 0.088700 ms)

AssetImportParameters requested are different than current active one (requested -> active):
  custom:framework-win-MediaFoundation: 216162199b28c13a410421893ffa2e32 -> 
  custom:video-decoder-ogg-theora: a1e56fd34408186e4bbccfd4996cb3dc -> 
  custom:container-muxer-webm: aa71ff27fc2769a1b78a27578f13a17b -> 
  custom:container-demuxer-webm: 4f35f7cbe854078d1ac9338744f61a02 -> 
  custom:container-demuxer-ogg: 62fdf1f143b41e24485cea50d1cbac27 -> 
  custom:video-encoder-webm-vp8: eb34c28f22e8b96e1ab97ce403110664 -> 
  custom:video-decoder-webm-vp8: 9c59270c3fd7afecdb556c50c9e8de78 -> 
  custom:audio-decoder-ogg-vorbis: bf7c407c2cedff20999df2af8eb42d56 -> 
  custom:audio-encoder-webm-vorbis: bf7c407c2cedff20999df2af8eb42d56 -> 
========================================================================
Received Import Request.
  path: Assets/SteamVR/InteractionSystem/Teleport/Sounds/TeleportGoodArea.wav
  artifactKey: Guid(4e2e74504a83fbd438147cfda37cf3d0) Importer(815301076,1909f56bfc062723c751e8b465ee728b)
Start importing Assets/SteamVR/InteractionSystem/Teleport/Sounds/TeleportGoodArea.wav using Guid(4e2e74504a83fbd438147cfda37cf3d0) Importer(815301076,1909f56bfc062723c751e8b465ee728b)  -> (artifact id: '2cb5ab28f757e180a174daf3f69b590d') in 0.132957 seconds 
  Import took 0.137039 seconds .

========================================================================
Received Import Request.
  Time since last request: 0.000283 seconds.
  path: Assets/SteamVR/InteractionSystem/Teleport/Sounds/TeleportGo.wav
  artifactKey: Guid(e9befd794befe7540ad040be41dba757) Importer(815301076,1909f56bfc062723c751e8b465ee728b)
Start importing Assets/SteamVR/InteractionSystem/Teleport/Sounds/TeleportGo.wav using Guid(e9befd794befe7540ad040be41dba757) Importer(815301076,1909f56bfc062723c751e8b465ee728b)  -> (artifact id: '73afaeb46dac933a50ebea1aa7462958') in 0.015638 seconds 
  Import took 0.019582 seconds .

========================================================================
Received Import Request.
  Time since last request: 0.000197 seconds.
  path: Assets/SteamVR/InteractionSystem/Teleport/Sounds
  artifactKey: Guid(95cdcc94cf9ba8348b4384b840e4c54c) Importer(815301076,1909f56bfc062723c751e8b465ee728b)
Start importing Assets/SteamVR/InteractionSystem/Teleport/Sounds using Guid(95cdcc94cf9ba8348b4384b840e4c54c) Importer(815301076,1909f56bfc062723c751e8b465ee728b)  -> (artifact id: 'e5e3f082b566cbe7f23e959991438578') in 0.004831 seconds 
  Import took 0.008577 seconds .

========================================================================
Received Import Request.
  Time since last request: 0.000176 seconds.
  path: Assets/SteamVR/InteractionSystem/Teleport/Sounds/TeleportPointerLoop.wav
  artifactKey: Guid(47b5e90896f0e004c85bebd26e6057e2) Importer(815301076,1909f56bfc062723c751e8b465ee728b)
Start importing Assets/SteamVR/InteractionSystem/Teleport/Sounds/TeleportPointerLoop.wav using Guid(47b5e90896f0e004c85bebd26e6057e2) Importer(815301076,1909f56bfc062723c751e8b465ee728b)  -> (artifact id: '1d934fb82cd0977e27db28004ba4be4e') in 0.014845 seconds 
  Import took 0.018734 seconds .

========================================================================
Received Import Request.
  Time since last request: 0.000215 seconds.
  path: Assets/SteamVR/InteractionSystem/Teleport/Sounds/TeleportPointerStart.wav
  artifactKey: Guid(7113854dded09be418cf3be1158d444c) Importer(815301076,1909f56bfc062723c751e8b465ee728b)
Start importing Assets/SteamVR/InteractionSystem/Teleport/Sounds/TeleportPointerStart.wav using Guid(7113854dded09be418cf3be1158d444c) Importer(815301076,1909f56bfc062723c751e8b465ee728b)  -> (artifact id: '7d1895940383bc22e1aeb4388a82f927') in 0.013835 seconds 
  Import took 0.017642 seconds .

========================================================================
Received Import Request.
  Time since last request: 0.000224 seconds.
  path: Assets/SteamVR/InteractionSystem/Teleport/Sounds/TeleportBadArea.wav
  artifactKey: Guid(aa9e211c83b607f479bd7772eb56a98c) Importer(815301076,1909f56bfc062723c751e8b465ee728b)
Start importing Assets/SteamVR/InteractionSystem/Teleport/Sounds/TeleportBadArea.wav using Guid(aa9e211c83b607f479bd7772eb56a98c) Importer(815301076,1909f56bfc062723c751e8b465ee728b)  -> (artifact id: '6322796031f737e7090af9e9e3c7994b') in 0.011141 seconds 
  Import took 0.015131 seconds .

========================================================================
Received Import Request.
  Time since last request: 41.434101 seconds.
  path: Assets/SteamVR/InteractionSystem/Longbow/Sounds
  artifactKey: Guid(b5c78ec7a0919a445ad9472465dc95e3) Importer(815301076,1909f56bfc062723c751e8b465ee728b)
Start importing Assets/SteamVR/InteractionSystem/Longbow/Sounds using Guid(b5c78ec7a0919a445ad9472465dc95e3) Importer(815301076,1909f56bfc062723c751e8b465ee728b)  -> (artifact id: '9413ba9f2560d7ae70acc288f25ecaed') in 0.002132 seconds 
  Import took 0.006557 seconds .

========================================================================
Received Import Request.
  Time since last request: 0.074621 seconds.
  path: Assets/SteamVR/InteractionSystem/Longbow/Sounds/ArrowAir01.wav
  artifactKey: Guid(918ee1b51fd32d748a66d520586569ba) Importer(815301076,1909f56bfc062723c751e8b465ee728b)
Start importing Assets/SteamVR/InteractionSystem/Longbow/Sounds/ArrowAir01.wav using Guid(918ee1b51fd32d748a66d520586569ba) Importer(815301076,1909f56bfc062723c751e8b465ee728b)  -> (artifact id: 'bef271c6c6020351d57a99a0ef8e8391') in 0.057044 seconds 
  Import took 0.070253 seconds .

========================================================================
Received Import Request.
  Time since last request: 0.000203 seconds.
  path: Assets/SteamVR/InteractionSystem/Longbow/Sounds/MasterLongbowMix.mixer
  artifactKey: Guid(95096f29d1ddcd647ace66f3641d42f5) Importer(815301076,1909f56bfc062723c751e8b465ee728b)
Start importing Assets/SteamVR/InteractionSystem/Longbow/Sounds/MasterLongbowMix.mixer using Guid(95096f29d1ddcd647ace66f3641d42f5) Importer(815301076,1909f56bfc062723c751e8b465ee728b)  -> (artifact id: '0a133436ad855baec0f0ab8b97f6d02e') in 0.012965 seconds 
  Import took 0.017107 seconds .

========================================================================
Received Import Request.
  Time since last request: 0.000206 seconds.
  path: Assets/SteamVR/InteractionSystem/Longbow/Sounds/ArrowFallGround07.wav
  artifactKey: Guid(128eba63f6457ff41a65fbae1979778e) Importer(815301076,1909f56bfc062723c751e8b465ee728b)
Start importing Assets/SteamVR/InteractionSystem/Longbow/Sounds/ArrowFallGround07.wav using Guid(128eba63f6457ff41a65fbae1979778e) Importer(815301076,1909f56bfc062723c751e8b465ee728b)  -> (artifact id: '2a494ad45abad5a17da0eaab08bf848b') in 0.016594 seconds 
  Import took 0.020865 seconds .

========================================================================
Received Import Request.
  Time since last request: 0.000266 seconds.
  path: Assets/SteamVR/InteractionSystem/Longbow/Sounds/ArrowRelease07.wav
  artifactKey: Guid(0858be1afe7ac384698e357be00d670f) Importer(815301076,1909f56bfc062723c751e8b465ee728b)
Start importing Assets/SteamVR/InteractionSystem/Longbow/Sounds/ArrowRelease07.wav using Guid(0858be1afe7ac384698e357be00d670f) Importer(815301076,1909f56bfc062723c751e8b465ee728b)  -> (artifact id: '2b7e0495cdb4bbc3cc275e82c5dabed6') in 0.017334 seconds 
  Import took 0.022203 seconds .

========================================================================
Received Import Request.
  Time since last request: 0.000180 seconds.
  path: Assets/SteamVR/InteractionSystem/Longbow/Sounds/TorchFireLoop02.wav
  artifactKey: Guid(6820d5b6e4c56b748b1afe3f5d550ee7) Importer(815301076,1909f56bfc062723c751e8b465ee728b)
Start importing Assets/SteamVR/InteractionSystem/Longbow/Sounds/TorchFireLoop02.wav using Guid(6820d5b6e4c56b748b1afe3f5d550ee7) Importer(815301076,1909f56bfc062723c751e8b465ee728b)  -> (artifact id: '30b1b10ebb617563fb72e53299e79ca1') in 0.016203 seconds 
  Import took 0.020312 seconds .

========================================================================
Received Import Request.
  Time since last request: 0.000187 seconds.
  path: Assets/SteamVR/InteractionSystem/Longbow/Sounds/LongbowPullBack04.wav
  artifactKey: Guid(1b7c76f85bf1034498fefaa3ec8e600f) Importer(815301076,1909f56bfc062723c751e8b465ee728b)
Start importing Assets/SteamVR/InteractionSystem/Longbow/Sounds/LongbowPullBack04.wav using Guid(1b7c76f85bf1034498fefaa3ec8e600f) Importer(815301076,1909f56bfc062723c751e8b465ee728b)  -> (artifact id: 'b10f5346e212e0bdf09cb41199dea4cd') in 0.018586 seconds 
  Import took 0.022724 seconds .

========================================================================
Received Import Request.
  Time since last request: 0.000188 seconds.
  path: Assets/SteamVR/InteractionSystem/Longbow/Sounds/LongbowPullBack01.wav
  artifactKey: Guid(51747ad9fd4c5564e873dbae5171e257) Importer(815301076,1909f56bfc062723c751e8b465ee728b)
Start importing Assets/SteamVR/InteractionSystem/Longbow/Sounds/LongbowPullBack01.wav using Guid(51747ad9fd4c5564e873dbae5171e257) Importer(815301076,1909f56bfc062723c751e8b465ee728b)  -> (artifact id: '3005a6d3cb378fc9552c48bcc7f29bee') in 0.016758 seconds 
  Import took 0.020894 seconds .

========================================================================
Received Import Request.
  Time since last request: 0.000201 seconds.
  path: Assets/SteamVR/InteractionSystem/Longbow/Sounds/LongbowPullBack06.wav
  artifactKey: Guid(cb68230ab01aab448b476ae3c84ee521) Importer(815301076,1909f56bfc062723c751e8b465ee728b)
Start importing Assets/SteamVR/InteractionSystem/Longbow/Sounds/LongbowPullBack06.wav using Guid(cb68230ab01aab448b476ae3c84ee521) Importer(815301076,1909f56bfc062723c751e8b465ee728b)  -> (artifact id: 'd5272dd57996927aae69894931d4e4e4') in 0.018859 seconds 
  Import took 0.023097 seconds .

========================================================================
Received Import Request.
  Time since last request: 0.000179 seconds.
  path: Assets/SteamVR/InteractionSystem/Longbow/Sounds/ArrowAir03.wav
  artifactKey: Guid(efee776e88902a74684c56ce2962678f) Importer(815301076,1909f56bfc062723c751e8b465ee728b)
Start importing Assets/SteamVR/InteractionSystem/Longbow/Sounds/ArrowAir03.wav using Guid(efee776e88902a74684c56ce2962678f) Importer(815301076,1909f56bfc062723c751e8b465ee728b)  -> (artifact id: '263d802b6b81303f6155578f93f31b3c') in 0.016428 seconds 
  Import took 0.020664 seconds .

========================================================================
Received Import Request.
  Time since last request: 0.000188 seconds.
  path: Assets/SteamVR/InteractionSystem/Longbow/Sounds/LongbowPullBack13.wav
  artifactKey: Guid(48e7e7e907cb4de4e89ebb5f2ecb5674) Importer(815301076,1909f56bfc062723c751e8b465ee728b)
Start importing Assets/SteamVR/InteractionSystem/Longbow/Sounds/LongbowPullBack13.wav using Guid(48e7e7e907cb4de4e89ebb5f2ecb5674) Importer(815301076,1909f56bfc062723c751e8b465ee728b)  -> (artifact id: '85e4e04d46fca808c8ed775f4655e519') in 0.015151 seconds 
  Import took 0.019137 seconds .

========================================================================
Received Import Request.
  Time since last request: 0.000201 seconds.
  path: Assets/SteamVR/InteractionSystem/Longbow/Sounds/TorchFireLoop04.wav
  artifactKey: Guid(2c93df0cf367b8941a8c03c309134408) Importer(815301076,1909f56bfc062723c751e8b465ee728b)
Start importing Assets/SteamVR/InteractionSystem/Longbow/Sounds/TorchFireLoop04.wav using Guid(2c93df0cf367b8941a8c03c309134408) Importer(815301076,1909f56bfc062723c751e8b465ee728b)  -> (artifact id: 'afbb779620d0ca355788a255d50e9a67') in 0.014547 seconds 
  Import took 0.018964 seconds .

========================================================================
Received Import Request.
  Time since last request: 0.000225 seconds.
  path: Assets/SteamVR/InteractionSystem/Longbow/Sounds/ArrowAir09.wav
  artifactKey: Guid(62bdcbc5f3d6b3f43844cc7b849f0448) Importer(815301076,1909f56bfc062723c751e8b465ee728b)
Start importing Assets/SteamVR/InteractionSystem/Longbow/Sounds/ArrowAir09.wav using Guid(62bdcbc5f3d6b3f43844cc7b849f0448) Importer(815301076,1909f56bfc062723c751e8b465ee728b)  -> (artifact id: 'ba08342b036057e60c63d667b1eb1d26') in 0.015669 seconds 
  Import took 0.020154 seconds .

========================================================================
Received Import Request.
  Time since last request: 0.000213 seconds.
  path: Assets/SteamVR/InteractionSystem/Longbow/Sounds/TorchFireLoop01.wav
  artifactKey: Guid(b6fb03c27a50bde4c90aa0b2d201eab7) Importer(815301076,1909f56bfc062723c751e8b465ee728b)
Start importing Assets/SteamVR/InteractionSystem/Longbow/Sounds/TorchFireLoop01.wav using Guid(b6fb03c27a50bde4c90aa0b2d201eab7) Importer(815301076,1909f56bfc062723c751e8b465ee728b)  -> (artifact id: 'db0f0492d04e2a63ebdc83392cc95f86') in 0.015475 seconds 
  Import took 0.019980 seconds .

========================================================================
Received Import Request.
  Time since last request: 0.000217 seconds.
  path: Assets/SteamVR/InteractionSystem/Longbow/Sounds/ArrowAir02.wav
  artifactKey: Guid(d53053a416c413d40ae35d3b3d2c8277) Importer(815301076,1909f56bfc062723c751e8b465ee728b)
Start importing Assets/SteamVR/InteractionSystem/Longbow/Sounds/ArrowAir02.wav using Guid(d53053a416c413d40ae35d3b3d2c8277) Importer(815301076,1909f56bfc062723c751e8b465ee728b)  -> (artifact id: '73d8277717a4928eb27805cdb7c8286e') in 0.015101 seconds 
  Import took 0.019454 seconds .

========================================================================
Received Import Request.
  Time since last request: 0.000245 seconds.
  path: Assets/SteamVR/InteractionSystem/Longbow/Sounds/ArrowFallGround03.wav
  artifactKey: Guid(c848d318c783da14d920cdb75f1ee7ac) Importer(815301076,1909f56bfc062723c751e8b465ee728b)
Start importing Assets/SteamVR/InteractionSystem/Longbow/Sounds/ArrowFallGround03.wav using Guid(c848d318c783da14d920cdb75f1ee7ac) Importer(815301076,1909f56bfc062723c751e8b465ee728b)  -> (artifact id: 'd14925bf8d4defe32fa7ab1498ba176f') in 0.014363 seconds 
  Import took 0.019406 seconds .

========================================================================
Received Import Request.
  Time since last request: 0.000232 seconds.
  path: Assets/SteamVR/InteractionSystem/Longbow/Sounds/ArrowRelease01.wav
  artifactKey: Guid(5dea26c1298d78149af149b8bd73ff63) Importer(815301076,1909f56bfc062723c751e8b465ee728b)
Start importing Assets/SteamVR/InteractionSystem/Longbow/Sounds/ArrowRelease01.wav using Guid(5dea26c1298d78149af149b8bd73ff63) Importer(815301076,1909f56bfc062723c751e8b465ee728b)  -> (artifact id: 'ecfe43d882d0933b385f7ce9fa49102b') in 0.014510 seconds 
  Import took 0.018484 seconds .

========================================================================
Received Import Request.
  Time since last request: 0.000202 seconds.
  path: Assets/SteamVR/InteractionSystem/Longbow/Sounds/LongbowPullBack10.wav
  artifactKey: Guid(aa14911b4b4eb894085dfe426f46ba98) Importer(815301076,1909f56bfc062723c751e8b465ee728b)
Start importing Assets/SteamVR/InteractionSystem/Longbow/Sounds/LongbowPullBack10.wav using Guid(aa14911b4b4eb894085dfe426f46ba98) Importer(815301076,1909f56bfc062723c751e8b465ee728b)  -> (artifact id: '00fb18f91dff8e493b9a46f413ef220a') in 0.014806 seconds 
  Import took 0.018903 seconds .

========================================================================
Received Import Request.
  Time since last request: 0.000244 seconds.
  path: Assets/SteamVR/InteractionSystem/Longbow/Sounds/ArrowRelease09.wav
  artifactKey: Guid(c2b473f54caf2504ba276643282bc0ab) Importer(815301076,1909f56bfc062723c751e8b465ee728b)
Start importing Assets/SteamVR/InteractionSystem/Longbow/Sounds/ArrowRelease09.wav using Guid(c2b473f54caf2504ba276643282bc0ab) Importer(815301076,1909f56bfc062723c751e8b465ee728b)  -> (artifact id: '7dc6af78507187bcb527384972ff9d8e') in 0.015452 seconds 
  Import took 0.019469 seconds .

========================================================================
Received Import Request.
  Time since last request: 0.000220 seconds.
  path: Assets/SteamVR/InteractionSystem/Longbow/Sounds/LongbowPullBack15.wav
  artifactKey: Guid(7b9d6636c126a33489ada91fd402f036) Importer(815301076,1909f56bfc062723c751e8b465ee728b)
Start importing Assets/SteamVR/InteractionSystem/Longbow/Sounds/LongbowPullBack15.wav using Guid(7b9d6636c126a33489ada91fd402f036) Importer(815301076,1909f56bfc062723c751e8b465ee728b)  -> (artifact id: '343d4b04a11c7ba7869b9d19ce13d152') in 0.014720 seconds 
  Import took 0.018932 seconds .

========================================================================
Received Import Request.
  Time since last request: 0.000260 seconds.
  path: Assets/SteamVR/InteractionSystem/Longbow/Sounds/LongbowPullBack14.wav
  artifactKey: Guid(5930d7d2e705ea74ca30ee6652eb4571) Importer(815301076,1909f56bfc062723c751e8b465ee728b)
Start importing Assets/SteamVR/InteractionSystem/Longbow/Sounds/LongbowPullBack14.wav using Guid(5930d7d2e705ea74ca30ee6652eb4571) Importer(815301076,1909f56bfc062723c751e8b465ee728b)  -> (artifact id: '009852f2641c302cb097a37dcd2ff0e2') in 0.014544 seconds 
  Import took 0.018617 seconds .

========================================================================
Received Import Request.
  Time since last request: 0.000196 seconds.
  path: Assets/SteamVR/InteractionSystem/Longbow/Sounds/LongbowPullBack02.wav
  artifactKey: Guid(bb1994a9358f0dc4782fe7535a9b384c) Importer(815301076,1909f56bfc062723c751e8b465ee728b)
Start importing Assets/SteamVR/InteractionSystem/Longbow/Sounds/LongbowPullBack02.wav using Guid(bb1994a9358f0dc4782fe7535a9b384c) Importer(815301076,1909f56bfc062723c751e8b465ee728b)  -> (artifact id: 'f3fdd4d0e7e434cbf04cda5023796d47') in 0.014813 seconds 
  Import took 0.019291 seconds .

========================================================================
Received Import Request.
  Time since last request: 0.000185 seconds.
  path: Assets/SteamVR/InteractionSystem/Longbow/Sounds/ArrowFallGround02.wav
  artifactKey: Guid(46bb1e3e014c28740ae8c96427da5270) Importer(815301076,1909f56bfc062723c751e8b465ee728b)
Start importing Assets/SteamVR/InteractionSystem/Longbow/Sounds/ArrowFallGround02.wav using Guid(46bb1e3e014c28740ae8c96427da5270) Importer(815301076,1909f56bfc062723c751e8b465ee728b)  -> (artifact id: 'bfc21069493ff9655ab791ea42d2c77b') in 0.016400 seconds 
  Import took 0.020438 seconds .

========================================================================
Received Import Request.
  Time since last request: 0.000199 seconds.
  path: Assets/SteamVR/InteractionSystem/Longbow/Sounds/ArrowFallGround04.wav
  artifactKey: Guid(cb0cd73b74d6f884bab13a472f547100) Importer(815301076,1909f56bfc062723c751e8b465ee728b)
Start importing Assets/SteamVR/InteractionSystem/Longbow/Sounds/ArrowFallGround04.wav using Guid(cb0cd73b74d6f884bab13a472f547100) Importer(815301076,1909f56bfc062723c751e8b465ee728b)  -> (artifact id: '779ea19623e1b945f5462d81dec4ec35') in 0.017524 seconds 
  Import took 0.021594 seconds .

========================================================================
Received Import Request.
  Time since last request: 0.000206 seconds.
  path: Assets/SteamVR/InteractionSystem/Longbow/Sounds/ArrowRelease05.wav
  artifactKey: Guid(0e4ff6f209abadf45b1c2403b1382cdf) Importer(815301076,1909f56bfc062723c751e8b465ee728b)
Start importing Assets/SteamVR/InteractionSystem/Longbow/Sounds/ArrowRelease05.wav using Guid(0e4ff6f209abadf45b1c2403b1382cdf) Importer(815301076,1909f56bfc062723c751e8b465ee728b)  -> (artifact id: 'f569e90c3ab929acae5a1ea533784cd4') in 0.014738 seconds 
  Import took 0.018927 seconds .

========================================================================
Received Import Request.
  Time since last request: 0.000204 seconds.
  path: Assets/SteamVR/InteractionSystem/Longbow/Sounds/LongbowPullBack11.wav
  artifactKey: Guid(23932eb1f1528d34786ffa3381cb5922) Importer(815301076,1909f56bfc062723c751e8b465ee728b)
Start importing Assets/SteamVR/InteractionSystem/Longbow/Sounds/LongbowPullBack11.wav using Guid(23932eb1f1528d34786ffa3381cb5922) Importer(815301076,1909f56bfc062723c751e8b465ee728b)  -> (artifact id: '748513adf385fd39304c79136d88e8ed') in 0.015210 seconds 
  Import took 0.019222 seconds .

========================================================================
Received Import Request.
  Time since last request: 0.000207 seconds.
  path: Assets/SteamVR/InteractionSystem/Longbow/Sounds/BalloonRubber01.wav
  artifactKey: Guid(23003f298f14cc24d9ff3988966f6292) Importer(815301076,1909f56bfc062723c751e8b465ee728b)
Start importing Assets/SteamVR/InteractionSystem/Longbow/Sounds/BalloonRubber01.wav using Guid(23003f298f14cc24d9ff3988966f6292) Importer(815301076,1909f56bfc062723c751e8b465ee728b)  -> (artifact id: 'cc4855033c5c6c33cc5749d71a5021e0') in 0.015385 seconds 
  Import took 0.020422 seconds .

========================================================================
Received Import Request.
  Time since last request: 0.000201 seconds.
  path: Assets/SteamVR/InteractionSystem/Longbow/Sounds/ArrowHit05.wav
  artifactKey: Guid(beefd4b7702d5874994c17328dc55b24) Importer(815301076,1909f56bfc062723c751e8b465ee728b)
Start importing Assets/SteamVR/InteractionSystem/Longbow/Sounds/ArrowHit05.wav using Guid(beefd4b7702d5874994c17328dc55b24) Importer(815301076,1909f56bfc062723c751e8b465ee728b)  -> (artifact id: 'f48c0e19eb2e120caedd55529861da08') in 0.015296 seconds 
  Import took 0.019466 seconds .

========================================================================
Received Import Request.
  Time since last request: 0.000196 seconds.
  path: Assets/SteamVR/InteractionSystem/Longbow/Sounds/ArrowRelease04.wav
  artifactKey: Guid(220813dc74ddc714fa8b1db1e6416e27) Importer(815301076,1909f56bfc062723c751e8b465ee728b)
Start importing Assets/SteamVR/InteractionSystem/Longbow/Sounds/ArrowRelease04.wav using Guid(220813dc74ddc714fa8b1db1e6416e27) Importer(815301076,1909f56bfc062723c751e8b465ee728b)  -> (artifact id: '9a82df45fd548d0ddb291821f2a07fcb') in 0.017141 seconds 
  Import took 0.021154 seconds .

========================================================================
Received Import Request.
  Time since last request: 0.000205 seconds.
  path: Assets/SteamVR/InteractionSystem/Longbow/Sounds/LongbowPullBack05.wav
  artifactKey: Guid(d27732ffed6c52840bb268571f66913e) Importer(815301076,1909f56bfc062723c751e8b465ee728b)
Start importing Assets/SteamVR/InteractionSystem/Longbow/Sounds/LongbowPullBack05.wav using Guid(d27732ffed6c52840bb268571f66913e) Importer(815301076,1909f56bfc062723c751e8b465ee728b)  -> (artifact id: '7d56dd66ae2a92ce33021e47931804ac') in 0.016254 seconds 
  Import took 0.020240 seconds .

========================================================================
Received Import Request.
  Time since last request: 0.000205 seconds.
  path: Assets/SteamVR/InteractionSystem/Longbow/Sounds/ArrowRelease02.wav
  artifactKey: Guid(f9d368eac27f70740bed52d36e0070d8) Importer(815301076,1909f56bfc062723c751e8b465ee728b)
Start importing Assets/SteamVR/InteractionSystem/Longbow/Sounds/ArrowRelease02.wav using Guid(f9d368eac27f70740bed52d36e0070d8) Importer(815301076,1909f56bfc062723c751e8b465ee728b)  -> (artifact id: '611f8a0c295d80709d95d06c68febf9e') in 0.014341 seconds 
  Import took 0.018649 seconds .

========================================================================
Received Import Request.
  Time since last request: 0.000201 seconds.
  path: Assets/SteamVR/InteractionSystem/Longbow/Sounds/ArrowHit03.wav
  artifactKey: Guid(adaa56b2d3d8ca548a8467326825e514) Importer(815301076,1909f56bfc062723c751e8b465ee728b)
Start importing Assets/SteamVR/InteractionSystem/Longbow/Sounds/ArrowHit03.wav using Guid(adaa56b2d3d8ca548a8467326825e514) Importer(815301076,1909f56bfc062723c751e8b465ee728b)  -> (artifact id: '4c527924b5ff9acf8229de0a26551775') in 0.014601 seconds 
  Import took 0.018732 seconds .

========================================================================
Received Import Request.
  Time since last request: 0.000205 seconds.
  path: Assets/SteamVR/InteractionSystem/Longbow/Sounds/ArrowAir05.wav
  artifactKey: Guid(526033aedfcd8fa4893bd857ca331979) Importer(815301076,1909f56bfc062723c751e8b465ee728b)
Start importing Assets/SteamVR/InteractionSystem/Longbow/Sounds/ArrowAir05.wav using Guid(526033aedfcd8fa4893bd857ca331979) Importer(815301076,1909f56bfc062723c751e8b465ee728b)  -> (artifact id: '84a672ff43f7c06c3ee749ef7a05268c') in 0.014565 seconds 
  Import took 0.018674 seconds .

========================================================================
Received Import Request.
  Time since last request: 0.000205 seconds.
  path: Assets/SteamVR/InteractionSystem/Longbow/Sounds/ArrowFallGround06.wav
  artifactKey: Guid(9ad392a45efa3b14bbcc169371974cd7) Importer(815301076,1909f56bfc062723c751e8b465ee728b)
Start importing Assets/SteamVR/InteractionSystem/Longbow/Sounds/ArrowFallGround06.wav using Guid(9ad392a45efa3b14bbcc169371974cd7) Importer(815301076,1909f56bfc062723c751e8b465ee728b)  -> (artifact id: '41f5364b2421482e0038efb74b44a6a8') in 0.016838 seconds 
  Import took 0.020999 seconds .

========================================================================
Received Import Request.
  Time since last request: 0.000208 seconds.
  path: Assets/SteamVR/InteractionSystem/Longbow/Sounds/LongbowPullBack08.wav
  artifactKey: Guid(c424271f5a0b34042978648f19f2da8b) Importer(815301076,1909f56bfc062723c751e8b465ee728b)
Start importing Assets/SteamVR/InteractionSystem/Longbow/Sounds/LongbowPullBack08.wav using Guid(c424271f5a0b34042978648f19f2da8b) Importer(815301076,1909f56bfc062723c751e8b465ee728b)  -> (artifact id: '72243d4c902f892f3faafcc37a45c649') in 0.013970 seconds 
  Import took 0.017920 seconds .

========================================================================
Received Import Request.
  Time since last request: 0.000231 seconds.
  path: Assets/SteamVR/InteractionSystem/Longbow/Sounds/TorchFireLoop03.wav
  artifactKey: Guid(a58fa4585fefc5043a66e30d7b6b9e70) Importer(815301076,1909f56bfc062723c751e8b465ee728b)
Start importing Assets/SteamVR/InteractionSystem/Longbow/Sounds/TorchFireLoop03.wav using Guid(a58fa4585fefc5043a66e30d7b6b9e70) Importer(815301076,1909f56bfc062723c751e8b465ee728b)  -> (artifact id: '3279278c10e09ab8e9a5a0f4b8ce81b4') in 0.014900 seconds 
  Import took 0.019022 seconds .

========================================================================
Received Import Request.
  Time since last request: 0.000258 seconds.
  path: Assets/SteamVR/InteractionSystem/Longbow/Sounds/ArrowFallGround01.wav
  artifactKey: Guid(5dff85aa6aacb32469945a41190eadf8) Importer(815301076,1909f56bfc062723c751e8b465ee728b)
Start importing Assets/SteamVR/InteractionSystem/Longbow/Sounds/ArrowFallGround01.wav using Guid(5dff85aa6aacb32469945a41190eadf8) Importer(815301076,1909f56bfc062723c751e8b465ee728b)  -> (artifact id: 'de1e4103fe6ed690fc032e718881d390') in 0.014588 seconds 
  Import took 0.018781 seconds .

========================================================================
Received Import Request.
  Time since last request: 0.000245 seconds.
  path: Assets/SteamVR/InteractionSystem/Longbow/Sounds/LongbowPullBack07.wav
  artifactKey: Guid(b508660da1369664ea4fe1f9987c2150) Importer(815301076,1909f56bfc062723c751e8b465ee728b)
Start importing Assets/SteamVR/InteractionSystem/Longbow/Sounds/LongbowPullBack07.wav using Guid(b508660da1369664ea4fe1f9987c2150) Importer(815301076,1909f56bfc062723c751e8b465ee728b)  -> (artifact id: '7a11efffc06d049aecfe76041186b100') in 0.016225 seconds 
  Import took 0.020233 seconds .

========================================================================
Received Import Request.
  Time since last request: 0.000211 seconds.
  path: Assets/SteamVR/InteractionSystem/Longbow/Sounds/LongbowPullBack12.wav
  artifactKey: Guid(7f632b7ba3e0d004899c46e9d8261c81) Importer(815301076,1909f56bfc062723c751e8b465ee728b)
Start importing Assets/SteamVR/InteractionSystem/Longbow/Sounds/LongbowPullBack12.wav using Guid(7f632b7ba3e0d004899c46e9d8261c81) Importer(815301076,1909f56bfc062723c751e8b465ee728b)  -> (artifact id: '88ca9a758ab423b96384429c5d85d5e4') in 0.014374 seconds 
  Import took 0.018369 seconds .

========================================================================
Received Import Request.
  Time since last request: 0.000195 seconds.
  path: Assets/SteamVR/InteractionSystem/Longbow/Sounds/ArrowAir04.wav
  artifactKey: Guid(adcc31e02dc74204c80c632b9844b681) Importer(815301076,1909f56bfc062723c751e8b465ee728b)
Start importing Assets/SteamVR/InteractionSystem/Longbow/Sounds/ArrowAir04.wav using Guid(adcc31e02dc74204c80c632b9844b681) Importer(815301076,1909f56bfc062723c751e8b465ee728b)  -> (artifact id: '38515d58d4761d017ad1263269c336a4') in 0.015227 seconds 
  Import took 0.019502 seconds .

========================================================================
Received Import Request.
  Time since last request: 0.000205 seconds.
  path: Assets/SteamVR/InteractionSystem/Longbow/Sounds/LongbowPullBack16.wav
  artifactKey: Guid(4d23d5e2668be9f4b893c46b3802077f) Importer(815301076,1909f56bfc062723c751e8b465ee728b)
Start importing Assets/SteamVR/InteractionSystem/Longbow/Sounds/LongbowPullBack16.wav using Guid(4d23d5e2668be9f4b893c46b3802077f) Importer(815301076,1909f56bfc062723c751e8b465ee728b)  -> (artifact id: 'ba2894f72e66a72430f3f08743e94fc5') in 0.014257 seconds 
  Import took 0.018496 seconds .

========================================================================
Received Import Request.
  Time since last request: 0.000200 seconds.
  path: Assets/SteamVR/InteractionSystem/Longbow/Sounds/LongbowPullBackclick_01.wav
  artifactKey: Guid(8a95f5613a17c0f4db5b93318e947568) Importer(815301076,1909f56bfc062723c751e8b465ee728b)
Start importing Assets/SteamVR/InteractionSystem/Longbow/Sounds/LongbowPullBackclick_01.wav using Guid(8a95f5613a17c0f4db5b93318e947568) Importer(815301076,1909f56bfc062723c751e8b465ee728b)  -> (artifact id: '7bb657a9ec2be49cd7d93743d83955bb') in 0.015835 seconds 
  Import took 0.019915 seconds .

========================================================================
Received Import Request.
  Time since last request: 0.000209 seconds.
  path: Assets/SteamVR/InteractionSystem/Longbow/Sounds/ArrowIgnite01.wav
  artifactKey: Guid(e45d903a97eada14bbd5177c2da9703d) Importer(815301076,1909f56bfc062723c751e8b465ee728b)
Start importing Assets/SteamVR/InteractionSystem/Longbow/Sounds/ArrowIgnite01.wav using Guid(e45d903a97eada14bbd5177c2da9703d) Importer(815301076,1909f56bfc062723c751e8b465ee728b)  -> (artifact id: '167980e67c826931f34a03425cea971b') in 0.014786 seconds 
  Import took 0.019142 seconds .

========================================================================
Received Import Request.
  Time since last request: 0.000174 seconds.
  path: Assets/SteamVR/InteractionSystem/Longbow/Sounds/ArrowAir07.wav
  artifactKey: Guid(2f800f3498cfcb94a8f6a5f8553d8aef) Importer(815301076,1909f56bfc062723c751e8b465ee728b)
Start importing Assets/SteamVR/InteractionSystem/Longbow/Sounds/ArrowAir07.wav using Guid(2f800f3498cfcb94a8f6a5f8553d8aef) Importer(815301076,1909f56bfc062723c751e8b465ee728b)  -> (artifact id: '671daa83d54ee2f6423ee3acfa21a945') in 0.015250 seconds 
  Import took 0.019241 seconds .

========================================================================
Received Import Request.
  Time since last request: 0.000188 seconds.
  path: Assets/SteamVR/InteractionSystem/Longbow/Sounds/ArrowHit01.wav
  artifactKey: Guid(74068c08db651d34f81de9affa61f55d) Importer(815301076,1909f56bfc062723c751e8b465ee728b)
Start importing Assets/SteamVR/InteractionSystem/Longbow/Sounds/ArrowHit01.wav using Guid(74068c08db651d34f81de9affa61f55d) Importer(815301076,1909f56bfc062723c751e8b465ee728b)  -> (artifact id: '6d78f2c88db2c04f7796318f98d4ab33') in 0.014576 seconds 
  Import took 0.018844 seconds .

========================================================================
Received Import Request.
  Time since last request: 0.000160 seconds.
  path: Assets/SteamVR/InteractionSystem/Longbow/Sounds/ArrowRelease03.wav
  artifactKey: Guid(c4212c0047b94924e8982fea80fb6547) Importer(815301076,1909f56bfc062723c751e8b465ee728b)
Start importing Assets/SteamVR/InteractionSystem/Longbow/Sounds/ArrowRelease03.wav using Guid(c4212c0047b94924e8982fea80fb6547) Importer(815301076,1909f56bfc062723c751e8b465ee728b)  -> (artifact id: 'efe5c98f3d446787e79af39c5a128fb4') in 0.016802 seconds 
  Import took 0.020737 seconds .

========================================================================
Received Import Request.
  Time since last request: 0.000223 seconds.
  path: Assets/SteamVR/InteractionSystem/Longbow/Sounds/ArrowHit04.wav
  artifactKey: Guid(cef9a0102c9fe0c4fad4ebcf9ec72a45) Importer(815301076,1909f56bfc062723c751e8b465ee728b)
Start importing Assets/SteamVR/InteractionSystem/Longbow/Sounds/ArrowHit04.wav using Guid(cef9a0102c9fe0c4fad4ebcf9ec72a45) Importer(815301076,1909f56bfc062723c751e8b465ee728b)  -> (artifact id: '58eba280fb9d0f01f6556fc97747e1d4') in 0.014285 seconds 
  Import took 0.018311 seconds .

========================================================================
Received Import Request.
  Time since last request: 0.000214 seconds.
  path: Assets/SteamVR/InteractionSystem/Longbow/Sounds/ArrowAir06.wav
  artifactKey: Guid(e3148a98a2496e64cb8712177bbcde71) Importer(815301076,1909f56bfc062723c751e8b465ee728b)
Start importing Assets/SteamVR/InteractionSystem/Longbow/Sounds/ArrowAir06.wav using Guid(e3148a98a2496e64cb8712177bbcde71) Importer(815301076,1909f56bfc062723c751e8b465ee728b)  -> (artifact id: '46f613c7d7ec9bc648872498bd344bff') in 0.014683 seconds 
  Import took 0.018766 seconds .

========================================================================
Received Import Request.
  Time since last request: 0.000213 seconds.
  path: Assets/SteamVR/InteractionSystem/Longbow/Sounds/ArrowHit02.wav
  artifactKey: Guid(0e220b97baa73db4fab6fba879e1b024) Importer(815301076,1909f56bfc062723c751e8b465ee728b)
Start importing Assets/SteamVR/InteractionSystem/Longbow/Sounds/ArrowHit02.wav using Guid(0e220b97baa73db4fab6fba879e1b024) Importer(815301076,1909f56bfc062723c751e8b465ee728b)  -> (artifact id: '8b7bd687f887326e2417d9e9b1fc4695') in 0.014776 seconds 
  Import took 0.019123 seconds .

========================================================================
Received Import Request.
  Time since last request: 0.000222 seconds.
  path: Assets/SteamVR/InteractionSystem/Longbow/Sounds/BalloonRubber02.wav
  artifactKey: Guid(7916cbf0a83b8494f960b9e88aa45a90) Importer(815301076,1909f56bfc062723c751e8b465ee728b)
Start importing Assets/SteamVR/InteractionSystem/Longbow/Sounds/BalloonRubber02.wav using Guid(7916cbf0a83b8494f960b9e88aa45a90) Importer(815301076,1909f56bfc062723c751e8b465ee728b)  -> (artifact id: 'b148fbf26a27802eb608bd706d5a1b6f') in 0.014908 seconds 
  Import took 0.018848 seconds .

========================================================================
Received Import Request.
  Time since last request: 0.000210 seconds.
  path: Assets/SteamVR/InteractionSystem/Longbow/Sounds/ArrowRelease06.wav
  artifactKey: Guid(0e1c54b10ce72f640a29eecbfced2363) Importer(815301076,1909f56bfc062723c751e8b465ee728b)
Start importing Assets/SteamVR/InteractionSystem/Longbow/Sounds/ArrowRelease06.wav using Guid(0e1c54b10ce72f640a29eecbfced2363) Importer(815301076,1909f56bfc062723c751e8b465ee728b)  -> (artifact id: '515f095b81db5158df2de0044307a524') in 0.014368 seconds 
  Import took 0.018379 seconds .

========================================================================
Received Import Request.
  Time since last request: 0.000178 seconds.
  path: Assets/SteamVR/InteractionSystem/Longbow/Sounds/BalloonInflate01.wav
  artifactKey: Guid(ddcfb4cc21e043948b5a84afe22d90f0) Importer(815301076,1909f56bfc062723c751e8b465ee728b)
Start importing Assets/SteamVR/InteractionSystem/Longbow/Sounds/BalloonInflate01.wav using Guid(ddcfb4cc21e043948b5a84afe22d90f0) Importer(815301076,1909f56bfc062723c751e8b465ee728b)  -> (artifact id: '2afa3a88954e0c2efdb4ff02bb3dd9a7') in 0.016843 seconds 
  Import took 0.021310 seconds .

========================================================================
Received Import Request.
  Time since last request: 0.000223 seconds.
  path: Assets/SteamVR/InteractionSystem/Longbow/Sounds/ArrowAir08.wav
  artifactKey: Guid(eafd8df4914b6054db2b36a3aa4b4830) Importer(815301076,1909f56bfc062723c751e8b465ee728b)
Start importing Assets/SteamVR/InteractionSystem/Longbow/Sounds/ArrowAir08.wav using Guid(eafd8df4914b6054db2b36a3aa4b4830) Importer(815301076,1909f56bfc062723c751e8b465ee728b)  -> (artifact id: '5b28a820917d3792848df68842d803d8') in 0.014496 seconds 
  Import took 0.018512 seconds .

========================================================================
Received Import Request.
  Time since last request: 0.000203 seconds.
  path: Assets/SteamVR/InteractionSystem/Longbow/Sounds/LongbowPullBack09.wav
  artifactKey: Guid(a8aded2ee3b41f04eaad3a7b9f35e37f) Importer(815301076,1909f56bfc062723c751e8b465ee728b)
Start importing Assets/SteamVR/InteractionSystem/Longbow/Sounds/LongbowPullBack09.wav using Guid(a8aded2ee3b41f04eaad3a7b9f35e37f) Importer(815301076,1909f56bfc062723c751e8b465ee728b)  -> (artifact id: 'dae380fd0ea83f821795f84b0c304ab8') in 0.014548 seconds 
  Import took 0.018865 seconds .

========================================================================
Received Import Request.
  Time since last request: 0.000231 seconds.
  path: Assets/SteamVR/InteractionSystem/Longbow/Sounds/ArrowFallGround05.wav
  artifactKey: Guid(da7243059d8ed744abfe851fd03f8405) Importer(815301076,1909f56bfc062723c751e8b465ee728b)
Start importing Assets/SteamVR/InteractionSystem/Longbow/Sounds/ArrowFallGround05.wav using Guid(da7243059d8ed744abfe851fd03f8405) Importer(815301076,1909f56bfc062723c751e8b465ee728b)  -> (artifact id: 'acd0ae26f12a47fb719c3cdd191c4eb4') in 0.015084 seconds 
  Import took 0.019109 seconds .

========================================================================
Received Import Request.
  Time since last request: 0.000215 seconds.
  path: Assets/SteamVR/InteractionSystem/Longbow/Sounds/ArrowHit06.wav
  artifactKey: Guid(6e984feb46a04284e8c6ce4ebfd791d0) Importer(815301076,1909f56bfc062723c751e8b465ee728b)
Start importing Assets/SteamVR/InteractionSystem/Longbow/Sounds/ArrowHit06.wav using Guid(6e984feb46a04284e8c6ce4ebfd791d0) Importer(815301076,1909f56bfc062723c751e8b465ee728b)  -> (artifact id: '5c0e933f60f7769292a96233c9b5a29c') in 0.014773 seconds 
  Import took 0.018810 seconds .

========================================================================
Received Import Request.
  Time since last request: 0.000198 seconds.
  path: Assets/SteamVR/InteractionSystem/Longbow/Sounds/BalloonRubber03.wav
  artifactKey: Guid(dbf37170840828344ae352756e49a99a) Importer(815301076,1909f56bfc062723c751e8b465ee728b)
Start importing Assets/SteamVR/InteractionSystem/Longbow/Sounds/BalloonRubber03.wav using Guid(dbf37170840828344ae352756e49a99a) Importer(815301076,1909f56bfc062723c751e8b465ee728b)  -> (artifact id: '44c912edf4c4854754eea1f5cd9f42c6') in 0.015010 seconds 
  Import took 0.018987 seconds .

========================================================================
Received Import Request.
  Time since last request: 0.000214 seconds.
  path: Assets/SteamVR/InteractionSystem/Longbow/Sounds/ArrowRelease08.wav
  artifactKey: Guid(14d8c2eed68260f4d82a70201f2f19eb) Importer(815301076,1909f56bfc062723c751e8b465ee728b)
Start importing Assets/SteamVR/InteractionSystem/Longbow/Sounds/ArrowRelease08.wav using Guid(14d8c2eed68260f4d82a70201f2f19eb) Importer(815301076,1909f56bfc062723c751e8b465ee728b)  -> (artifact id: 'c130db72d13b7808194510e221495f1c') in 0.016199 seconds 
  Import took 0.020189 seconds .

========================================================================
Received Import Request.
  Time since last request: 0.000231 seconds.
  path: Assets/SteamVR/InteractionSystem/Longbow/Sounds/LongbowPullBack03.wav
  artifactKey: Guid(1958d9dc4683f204793b607c688da2d7) Importer(815301076,1909f56bfc062723c751e8b465ee728b)
Start importing Assets/SteamVR/InteractionSystem/Longbow/Sounds/LongbowPullBack03.wav using Guid(1958d9dc4683f204793b607c688da2d7) Importer(815301076,1909f56bfc062723c751e8b465ee728b)  -> (artifact id: 'e39211b2a01ec80c1c01b1f9777f8538') in 0.016800 seconds 
  Import took 0.020897 seconds .

========================================================================
Received Prepare
Registering precompiled user dll's ...
Registered in 0.009239 seconds.
Begin MonoManager ReloadAssembly
Native extension for WindowsStandalone target not found
Refreshing native plugins compatible for Editor in 1.02 ms, found 12 plugins.
Preloading 0 native plugins for Editor in 0.00 ms.
Mono: successfully reloaded assembly
- Completed reload, in  1.126 seconds
Domain Reload Profiling:
	ReloadAssembly (1126ms)
		BeginReloadAssembly (118ms)
			ExecutionOrderSort (0ms)
			DisableScriptedObjects (4ms)
			BackupInstance (0ms)
			ReleaseScriptingObjects (0ms)
			CreateAndSetChildDomain (41ms)
		EndReloadAssembly (950ms)
			LoadAssemblies (79ms)
			RebuildTransferFunctionScriptingTraits (0ms)
			SetupTypeCache (300ms)
			ReleaseScriptCaches (2ms)
			RebuildScriptCaches (47ms)
			SetupLoadedEditorAssemblies (331ms)
				LogAssemblyErrors (0ms)
				InitializePlatformSupportModulesInManaged (5ms)
				SetLoadedEditorAssemblies (0ms)
				RefreshPlugins (1ms)
				BeforeProcessingInitializeOnLoad (83ms)
				ProcessInitializeOnLoadAttributes (227ms)
				ProcessInitializeOnLoadMethodAttributes (8ms)
				AfterProcessingInitializeOnLoad (5ms)
				EditorAssembliesLoaded (0ms)
			ExecutionOrderSort2 (0ms)
			AwakeInstancesAfterBackupRestoration (7ms)
Platform modules already initialized, skipping
Refreshing native plugins compatible for Editor in 1.72 ms, found 12 plugins.
Preloading 0 native plugins for Editor in 0.00 ms.
Unloading 2254 Unused Serialized files (Serialized files now loaded: 0)
System memory in use before: 100.9 MB.
System memory in use after: 101.1 MB.

Unloading 40 unused Assets to reduce memory usage. Loaded Objects now: 2774.
Total: 4.362800 ms (FindLiveObjects: 0.360000 ms CreateObjectMapping: 0.158800 ms MarkObjects: 3.811900 ms  DeleteObjects: 0.030600 ms)

AssetImportParameters requested are different than current active one (requested -> active):
  custom:framework-win-MediaFoundation: 216162199b28c13a410421893ffa2e32 -> 
  custom:video-decoder-ogg-theora: a1e56fd34408186e4bbccfd4996cb3dc -> 
  custom:container-muxer-webm: aa71ff27fc2769a1b78a27578f13a17b -> 
  custom:container-demuxer-webm: 4f35f7cbe854078d1ac9338744f61a02 -> 
  custom:container-demuxer-ogg: 62fdf1f143b41e24485cea50d1cbac27 -> 
  custom:video-encoder-webm-vp8: eb34c28f22e8b96e1ab97ce403110664 -> 
  custom:video-decoder-webm-vp8: 9c59270c3fd7afecdb556c50c9e8de78 -> 
  custom:audio-decoder-ogg-vorbis: bf7c407c2cedff20999df2af8eb42d56 -> 
  custom:audio-encoder-webm-vorbis: bf7c407c2cedff20999df2af8eb42d56 -> 
========================================================================
Received Prepare
Registering precompiled user dll's ...
Registered in 0.008797 seconds.
Begin MonoManager ReloadAssembly
Native extension for WindowsStandalone target not found
Refreshing native plugins compatible for Editor in 1.02 ms, found 12 plugins.
Preloading 0 native plugins for Editor in 0.00 ms.
Mono: successfully reloaded assembly
- Completed reload, in  1.046 seconds
Domain Reload Profiling:
	ReloadAssembly (1046ms)
		BeginReloadAssembly (107ms)
			ExecutionOrderSort (0ms)
			DisableScriptedObjects (4ms)
			BackupInstance (0ms)
			ReleaseScriptingObjects (0ms)
			CreateAndSetChildDomain (41ms)
		EndReloadAssembly (874ms)
			LoadAssemblies (80ms)
			RebuildTransferFunctionScriptingTraits (0ms)
			SetupTypeCache (305ms)
			ReleaseScriptCaches (2ms)
			RebuildScriptCaches (47ms)
			SetupLoadedEditorAssemblies (332ms)
				LogAssemblyErrors (0ms)
				InitializePlatformSupportModulesInManaged (4ms)
				SetLoadedEditorAssemblies (0ms)
				RefreshPlugins (1ms)
				BeforeProcessingInitializeOnLoad (84ms)
				ProcessInitializeOnLoadAttributes (229ms)
				ProcessInitializeOnLoadMethodAttributes (8ms)
				AfterProcessingInitializeOnLoad (5ms)
				EditorAssembliesLoaded (0ms)
			ExecutionOrderSort2 (0ms)
			AwakeInstancesAfterBackupRestoration (7ms)
Platform modules already initialized, skipping
Refreshing native plugins compatible for Editor in 1.06 ms, found 12 plugins.
Preloading 0 native plugins for Editor in 0.00 ms.
Unloading 2254 Unused Serialized files (Serialized files now loaded: 0)
System memory in use before: 101.0 MB.
System memory in use after: 101.2 MB.

Unloading 40 unused Assets to reduce memory usage. Loaded Objects now: 2777.
Total: 4.066900 ms (FindLiveObjects: 0.358200 ms CreateObjectMapping: 0.105600 ms MarkObjects: 3.570800 ms  DeleteObjects: 0.031100 ms)

AssetImportParameters requested are different than current active one (requested -> active):
  custom:framework-win-MediaFoundation: 216162199b28c13a410421893ffa2e32 -> 
  custom:video-decoder-ogg-theora: a1e56fd34408186e4bbccfd4996cb3dc -> 
  custom:container-muxer-webm: aa71ff27fc2769a1b78a27578f13a17b -> 
  custom:container-demuxer-webm: 4f35f7cbe854078d1ac9338744f61a02 -> 
  custom:container-demuxer-ogg: 62fdf1f143b41e24485cea50d1cbac27 -> 
  custom:video-encoder-webm-vp8: eb34c28f22e8b96e1ab97ce403110664 -> 
  custom:video-decoder-webm-vp8: 9c59270c3fd7afecdb556c50c9e8de78 -> 
  custom:audio-decoder-ogg-vorbis: bf7c407c2cedff20999df2af8eb42d56 -> 
  custom:audio-encoder-webm-vorbis: bf7c407c2cedff20999df2af8eb42d56 -> 
========================================================================
Received Prepare
Registering precompiled user dll's ...
Registered in 0.009558 seconds.
Begin MonoManager ReloadAssembly
Native extension for WindowsStandalone target not found
Refreshing native plugins compatible for Editor in 1.12 ms, found 12 plugins.
Preloading 0 native plugins for Editor in 0.00 ms.
Mono: successfully reloaded assembly
- Completed reload, in  1.134 seconds
Domain Reload Profiling:
	ReloadAssembly (1135ms)
		BeginReloadAssembly (115ms)
			ExecutionOrderSort (0ms)
			DisableScriptedObjects (4ms)
			BackupInstance (0ms)
			ReleaseScriptingObjects (0ms)
			CreateAndSetChildDomain (40ms)
		EndReloadAssembly (962ms)
			LoadAssemblies (165ms)
			RebuildTransferFunctionScriptingTraits (0ms)
			SetupTypeCache (303ms)
			ReleaseScriptCaches (2ms)
			RebuildScriptCaches (47ms)
			SetupLoadedEditorAssemblies (328ms)
				LogAssemblyErrors (0ms)
				InitializePlatformSupportModulesInManaged (5ms)
				SetLoadedEditorAssemblies (0ms)
				RefreshPlugins (1ms)
				BeforeProcessingInitializeOnLoad (84ms)
				ProcessInitializeOnLoadAttributes (224ms)
				ProcessInitializeOnLoadMethodAttributes (9ms)
				AfterProcessingInitializeOnLoad (5ms)
				EditorAssembliesLoaded (0ms)
			ExecutionOrderSort2 (0ms)
			AwakeInstancesAfterBackupRestoration (7ms)
Platform modules already initialized, skipping
Refreshing native plugins compatible for Editor in 1.02 ms, found 12 plugins.
Preloading 0 native plugins for Editor in 0.00 ms.
Unloading 2254 Unused Serialized files (Serialized files now loaded: 0)
System memory in use before: 101.0 MB.
System memory in use after: 101.2 MB.

Unloading 40 unused Assets to reduce memory usage. Loaded Objects now: 2780.
Total: 4.285000 ms (FindLiveObjects: 0.356700 ms CreateObjectMapping: 0.116400 ms MarkObjects: 3.774800 ms  DeleteObjects: 0.035800 ms)

AssetImportParameters requested are different than current active one (requested -> active):
  custom:framework-win-MediaFoundation: 216162199b28c13a410421893ffa2e32 -> 
  custom:video-decoder-ogg-theora: a1e56fd34408186e4bbccfd4996cb3dc -> 
  custom:container-muxer-webm: aa71ff27fc2769a1b78a27578f13a17b -> 
  custom:container-demuxer-webm: 4f35f7cbe854078d1ac9338744f61a02 -> 
  custom:container-demuxer-ogg: 62fdf1f143b41e24485cea50d1cbac27 -> 
  custom:video-encoder-webm-vp8: eb34c28f22e8b96e1ab97ce403110664 -> 
  custom:video-decoder-webm-vp8: 9c59270c3fd7afecdb556c50c9e8de78 -> 
  custom:audio-decoder-ogg-vorbis: bf7c407c2cedff20999df2af8eb42d56 -> 
  custom:audio-encoder-webm-vorbis: bf7c407c2cedff20999df2af8eb42d56 -> 
========================================================================
Received Prepare
Registering precompiled user dll's ...
Registered in 0.009608 seconds.
Begin MonoManager ReloadAssembly
Native extension for WindowsStandalone target not found
Refreshing native plugins compatible for Editor in 1.01 ms, found 12 plugins.
Preloading 0 native plugins for Editor in 0.00 ms.
Mono: successfully reloaded assembly
- Completed reload, in  1.112 seconds
Domain Reload Profiling:
	ReloadAssembly (1112ms)
		BeginReloadAssembly (186ms)
			ExecutionOrderSort (0ms)
			DisableScriptedObjects (4ms)
			BackupInstance (0ms)
			ReleaseScriptingObjects (0ms)
			CreateAndSetChildDomain (97ms)
		EndReloadAssembly (859ms)
			LoadAssemblies (80ms)
			RebuildTransferFunctionScriptingTraits (0ms)
			SetupTypeCache (297ms)
			ReleaseScriptCaches (2ms)
			RebuildScriptCaches (48ms)
			SetupLoadedEditorAssemblies (324ms)
				LogAssemblyErrors (0ms)
				InitializePlatformSupportModulesInManaged (4ms)
				SetLoadedEditorAssemblies (0ms)
				RefreshPlugins (1ms)
				BeforeProcessingInitializeOnLoad (82ms)
				ProcessInitializeOnLoadAttributes (222ms)
				ProcessInitializeOnLoadMethodAttributes (9ms)
				AfterProcessingInitializeOnLoad (5ms)
				EditorAssembliesLoaded (0ms)
			ExecutionOrderSort2 (0ms)
			AwakeInstancesAfterBackupRestoration (7ms)
Platform modules already initialized, skipping
Refreshing native plugins compatible for Editor in 1.02 ms, found 12 plugins.
Preloading 0 native plugins for Editor in 0.00 ms.
Unloading 2254 Unused Serialized files (Serialized files now loaded: 0)
System memory in use before: 101.0 MB.
System memory in use after: 101.2 MB.

Unloading 40 unused Assets to reduce memory usage. Loaded Objects now: 2783.
Total: 4.241800 ms (FindLiveObjects: 0.382200 ms CreateObjectMapping: 0.149200 ms MarkObjects: 3.669700 ms  DeleteObjects: 0.039600 ms)

AssetImportParameters requested are different than current active one (requested -> active):
  custom:framework-win-MediaFoundation: 216162199b28c13a410421893ffa2e32 -> 
  custom:video-decoder-ogg-theora: a1e56fd34408186e4bbccfd4996cb3dc -> 
  custom:container-muxer-webm: aa71ff27fc2769a1b78a27578f13a17b -> 
  custom:container-demuxer-webm: 4f35f7cbe854078d1ac9338744f61a02 -> 
  custom:container-demuxer-ogg: 62fdf1f143b41e24485cea50d1cbac27 -> 
  custom:video-encoder-webm-vp8: eb34c28f22e8b96e1ab97ce403110664 -> 
  custom:video-decoder-webm-vp8: 9c59270c3fd7afecdb556c50c9e8de78 -> 
  custom:audio-decoder-ogg-vorbis: bf7c407c2cedff20999df2af8eb42d56 -> 
  custom:audio-encoder-webm-vorbis: bf7c407c2cedff20999df2af8eb42d56 -> 
========================================================================
Received Prepare
Registering precompiled user dll's ...
Registered in 0.008928 seconds.
Begin MonoManager ReloadAssembly
Native extension for WindowsStandalone target not found
Refreshing native plugins compatible for Editor in 1.07 ms, found 12 plugins.
Preloading 0 native plugins for Editor in 0.00 ms.
Mono: successfully reloaded assembly
- Completed reload, in  1.113 seconds
Domain Reload Profiling:
	ReloadAssembly (1114ms)
		BeginReloadAssembly (103ms)
			ExecutionOrderSort (0ms)
			DisableScriptedObjects (4ms)
			BackupInstance (0ms)
			ReleaseScriptingObjects (0ms)
			CreateAndSetChildDomain (38ms)
		EndReloadAssembly (948ms)
			LoadAssemblies (78ms)
			RebuildTransferFunctionScriptingTraits (0ms)
			SetupTypeCache (285ms)
			ReleaseScriptCaches (14ms)
			RebuildScriptCaches (87ms)
			SetupLoadedEditorAssemblies (344ms)
				LogAssemblyErrors (0ms)
				InitializePlatformSupportModulesInManaged (5ms)
				SetLoadedEditorAssemblies (0ms)
				RefreshPlugins (1ms)
				BeforeProcessingInitializeOnLoad (87ms)
				ProcessInitializeOnLoadAttributes (236ms)
				ProcessInitializeOnLoadMethodAttributes (9ms)
				AfterProcessingInitializeOnLoad (5ms)
				EditorAssembliesLoaded (0ms)
			ExecutionOrderSort2 (0ms)
			AwakeInstancesAfterBackupRestoration (7ms)
Platform modules already initialized, skipping
Refreshing native plugins compatible for Editor in 1.01 ms, found 12 plugins.
Preloading 0 native plugins for Editor in 0.00 ms.
Unloading 2254 Unused Serialized files (Serialized files now loaded: 0)
System memory in use before: 100.9 MB.
System memory in use after: 101.1 MB.

Unloading 40 unused Assets to reduce memory usage. Loaded Objects now: 2786.
Total: 4.401700 ms (FindLiveObjects: 0.342900 ms CreateObjectMapping: 0.103700 ms MarkObjects: 3.923000 ms  DeleteObjects: 0.031000 ms)

AssetImportParameters requested are different than current active one (requested -> active):
  custom:framework-win-MediaFoundation: 216162199b28c13a410421893ffa2e32 -> 
  custom:video-decoder-ogg-theora: a1e56fd34408186e4bbccfd4996cb3dc -> 
  custom:container-muxer-webm: aa71ff27fc2769a1b78a27578f13a17b -> 
  custom:container-demuxer-webm: 4f35f7cbe854078d1ac9338744f61a02 -> 
  custom:container-demuxer-ogg: 62fdf1f143b41e24485cea50d1cbac27 -> 
  custom:video-encoder-webm-vp8: eb34c28f22e8b96e1ab97ce403110664 -> 
  custom:video-decoder-webm-vp8: 9c59270c3fd7afecdb556c50c9e8de78 -> 
  custom:audio-decoder-ogg-vorbis: bf7c407c2cedff20999df2af8eb42d56 -> 
  custom:audio-encoder-webm-vorbis: bf7c407c2cedff20999df2af8eb42d56 -> 
========================================================================
Received Prepare
Registering precompiled user dll's ...
Registered in 0.010092 seconds.
Begin MonoManager ReloadAssembly
Native extension for WindowsStandalone target not found
Refreshing native plugins compatible for Editor in 1.05 ms, found 12 plugins.
Preloading 0 native plugins for Editor in 0.00 ms.
Mono: successfully reloaded assembly
- Completed reload, in  1.114 seconds
Domain Reload Profiling:
	ReloadAssembly (1114ms)
		BeginReloadAssembly (108ms)
			ExecutionOrderSort (0ms)
			DisableScriptedObjects (4ms)
			BackupInstance (0ms)
			ReleaseScriptingObjects (0ms)
			CreateAndSetChildDomain (37ms)
		EndReloadAssembly (949ms)
			LoadAssemblies (82ms)
			RebuildTransferFunctionScriptingTraits (0ms)
			SetupTypeCache (295ms)
			ReleaseScriptCaches (14ms)
			RebuildScriptCaches (118ms)
			SetupLoadedEditorAssemblies (326ms)
				LogAssemblyErrors (0ms)
				InitializePlatformSupportModulesInManaged (5ms)
				SetLoadedEditorAssemblies (0ms)
				RefreshPlugins (1ms)
				BeforeProcessingInitializeOnLoad (83ms)
				ProcessInitializeOnLoadAttributes (223ms)
				ProcessInitializeOnLoadMethodAttributes (8ms)
				AfterProcessingInitializeOnLoad (6ms)
				EditorAssembliesLoaded (0ms)
			ExecutionOrderSort2 (0ms)
			AwakeInstancesAfterBackupRestoration (7ms)
Platform modules already initialized, skipping
Refreshing native plugins compatible for Editor in 1.01 ms, found 12 plugins.
Preloading 0 native plugins for Editor in 0.00 ms.
Unloading 2254 Unused Serialized files (Serialized files now loaded: 0)
System memory in use before: 101.0 MB.
System memory in use after: 101.2 MB.

Unloading 40 unused Assets to reduce memory usage. Loaded Objects now: 2789.
Total: 4.364600 ms (FindLiveObjects: 0.407400 ms CreateObjectMapping: 0.148100 ms MarkObjects: 3.778000 ms  DeleteObjects: 0.029900 ms)

AssetImportParameters requested are different than current active one (requested -> active):
  custom:framework-win-MediaFoundation: 216162199b28c13a410421893ffa2e32 -> 
  custom:video-decoder-ogg-theora: a1e56fd34408186e4bbccfd4996cb3dc -> 
  custom:container-muxer-webm: aa71ff27fc2769a1b78a27578f13a17b -> 
  custom:container-demuxer-webm: 4f35f7cbe854078d1ac9338744f61a02 -> 
  custom:container-demuxer-ogg: 62fdf1f143b41e24485cea50d1cbac27 -> 
  custom:video-encoder-webm-vp8: eb34c28f22e8b96e1ab97ce403110664 -> 
  custom:video-decoder-webm-vp8: 9c59270c3fd7afecdb556c50c9e8de78 -> 
  custom:audio-decoder-ogg-vorbis: bf7c407c2cedff20999df2af8eb42d56 -> 
  custom:audio-encoder-webm-vorbis: bf7c407c2cedff20999df2af8eb42d56 -> 
========================================================================
Received Prepare
Registering precompiled user dll's ...
Registered in 0.009243 seconds.
Begin MonoManager ReloadAssembly
Native extension for WindowsStandalone target not found
Refreshing native plugins compatible for Editor in 1.01 ms, found 12 plugins.
Preloading 0 native plugins for Editor in 0.00 ms.
Mono: successfully reloaded assembly
- Completed reload, in  1.062 seconds
Domain Reload Profiling:
	ReloadAssembly (1063ms)
		BeginReloadAssembly (100ms)
			ExecutionOrderSort (0ms)
			DisableScriptedObjects (4ms)
			BackupInstance (0ms)
			ReleaseScriptingObjects (0ms)
			CreateAndSetChildDomain (37ms)
		EndReloadAssembly (908ms)
			LoadAssemblies (78ms)
			RebuildTransferFunctionScriptingTraits (0ms)
			SetupTypeCache (281ms)
			ReleaseScriptCaches (2ms)
			RebuildScriptCaches (45ms)
			SetupLoadedEditorAssemblies (398ms)
				LogAssemblyErrors (0ms)
				InitializePlatformSupportModulesInManaged (4ms)
				SetLoadedEditorAssemblies (0ms)
				RefreshPlugins (1ms)
				BeforeProcessingInitializeOnLoad (81ms)
				ProcessInitializeOnLoadAttributes (298ms)
				ProcessInitializeOnLoadMethodAttributes (8ms)
				AfterProcessingInitializeOnLoad (5ms)
				EditorAssembliesLoaded (0ms)
			ExecutionOrderSort2 (0ms)
			AwakeInstancesAfterBackupRestoration (6ms)
Platform modules already initialized, skipping
Refreshing native plugins compatible for Editor in 1.03 ms, found 12 plugins.
Preloading 0 native plugins for Editor in 0.00 ms.
Unloading 2254 Unused Serialized files (Serialized files now loaded: 0)
System memory in use before: 101.0 MB.
System memory in use after: 101.3 MB.

Unloading 40 unused Assets to reduce memory usage. Loaded Objects now: 2792.
Total: 4.606900 ms (FindLiveObjects: 0.367200 ms CreateObjectMapping: 0.139000 ms MarkObjects: 4.070800 ms  DeleteObjects: 0.029300 ms)

AssetImportParameters requested are different than current active one (requested -> active):
  custom:framework-win-MediaFoundation: 216162199b28c13a410421893ffa2e32 -> 
  custom:video-decoder-ogg-theora: a1e56fd34408186e4bbccfd4996cb3dc -> 
  custom:container-muxer-webm: aa71ff27fc2769a1b78a27578f13a17b -> 
  custom:container-demuxer-webm: 4f35f7cbe854078d1ac9338744f61a02 -> 
  custom:container-demuxer-ogg: 62fdf1f143b41e24485cea50d1cbac27 -> 
  custom:video-encoder-webm-vp8: eb34c28f22e8b96e1ab97ce403110664 -> 
  custom:video-decoder-webm-vp8: 9c59270c3fd7afecdb556c50c9e8de78 -> 
  custom:audio-decoder-ogg-vorbis: bf7c407c2cedff20999df2af8eb42d56 -> 
  custom:audio-encoder-webm-vorbis: bf7c407c2cedff20999df2af8eb42d56 -> 
